Arguments: 
  /usr/local/bin/node /usr/local/Cellar/yarn/1.19.1/libexec/bin/yarn.js install

PATH: 
  /Users/rehang/Library/Android/sdk/tools:/Users/rehang/Library/Android/sdk/platform-tools:/Users/rehang/Library/Android/sdk/platform-tools:/usr/local/bin:/usr/bin:/bin:/usr/sbin:/sbin

Yarn version: 
  1.19.1

Node version: 
  12.10.0

Platform: 
  darwin x64

Trace: 
  Error: read ECONNRESET
      at TLSWrap.onStreamRead (internal/stream_base_commons.js:201:27)

npm manifest: 
  {
    "main": "node_modules/expo/AppEntry.js",
    "scripts": {
      "start": "expo start",
      "android": "expo start --android",
      "ios": "expo start --ios",
      "web": "expo start --web",
      "eject": "expo eject"
    },
    "dependencies": {
      "@expo/vector-icons": "^10.0.6",
      "@react-native-community/masked-view": "0.1.5",
      "axios": "^0.19.2",
      "expo": "~36.0.0",
      "expo-linear-gradient": "^8.0.0",
      "expo-location": "~8.0.0",
      "react": "~16.9.0",
      "react-dom": "~16.9.0",
      "react-native": "https://github.com/expo/react-native/archive/sdk-36.0.0.tar.gz",
      "react-native-gesture-handler": "^1.5.6",
      "react-native-reanimated": "^1.4.0",
      "react-native-safe-area-context": "0.6.0",
      "react-native-safe-area-view": "^1.0.0",
      "react-native-screens": "2.0.0-alpha.12",
      "react-native-web": "~0.11.7",
      "react-navigation": "^4.1.1",
      "react-navigation-drawer": "^2.3.4",
      "react-navigation-header-buttons": "^3.0.5",
      "react-navigation-stack": "^2.1.1",
      "react-redux": "^7.1.3",
      "redux": "^4.0.5",
      "redux-thunk": "^2.3.0",
      "react-native-maps": "0.26.1"
    },
    "devDependencies": {
      "@babel/core": "^7.0.0",
      "babel-preset-expo": "~8.0.0"
    },
    "private": true
  }

yarn manifest: 
  No manifest

Lockfile: 
  No lockfile
